<?xml version="1.0" encoding="UTF-8"?>
<!-- Generated by org.testng.reporters.JUnitReportReporter -->
<testsuite hostname="Tanya" failures="0" tests="1" name="integration.Tc_Beauty_005_Test" time="26.695" errors="0" timestamp="2024-02-13T16:08:02 IST" skipped="0">
  <testcase classname="integration.Tc_Beauty_005_Test" name="mac" time="26.695"/>
</testsuite> <!-- integration.Tc_Beauty_005_Test -->
