<?xml version="1.0" encoding="UTF-8"?>
<!-- Generated by org.testng.reporters.JUnitReportReporter -->
<testsuite hostname="Tanya" failures="0" tests="1" name="Funcinality.Tc_car_003_Test" time="2.907" errors="0" timestamp="2024-02-13T16:08:02 IST" skipped="0">
  <testcase classname="Funcinality.Tc_car_003_Test" name="ferrari" time="2.907"/>
</testsuite> <!-- Funcinality.Tc_car_003_Test -->
