<?xml version="1.0" encoding="UTF-8"?>
<!-- Generated by org.testng.reporters.JUnitReportReporter -->
<testsuite hostname="Tanya" failures="0" tests="1" name="system.Tc_tourist_005_Test" time="3.576" errors="0" timestamp="2024-02-13T16:08:02 IST" skipped="0">
  <testcase classname="system.Tc_tourist_005_Test" name="e" time="3.576"/>
</testsuite> <!-- system.Tc_tourist_005_Test -->
