<?xml version="1.0" encoding="UTF-8"?>
<!-- Generated by org.testng.reporters.JUnitReportReporter -->
<testsuite hostname="Tanya" failures="0" tests="1" name="Funcinality.Tc_car_002_Test" time="3.391" errors="0" timestamp="2024-02-13T16:08:02 IST" skipped="0">
  <testcase classname="Funcinality.Tc_car_002_Test" name="roycemotorscar" time="3.391"/>
</testsuite> <!-- Funcinality.Tc_car_002_Test -->
