<?xml version="1.0" encoding="UTF-8"?>
<!-- Generated by org.testng.reporters.JUnitReportReporter -->
<testsuite hostname="Tanya" failures="0" tests="1" name="Funcinality.Tc_car_005_Test" time="2.181" errors="0" timestamp="2024-02-13T16:08:02 IST" skipped="0">
  <testcase classname="Funcinality.Tc_car_005_Test" name="lamborgini" time="2.181"/>
</testsuite> <!-- Funcinality.Tc_car_005_Test -->
