<?xml version="1.0" encoding="UTF-8"?>
<!-- Generated by org.testng.reporters.JUnitReportReporter -->
<testsuite hostname="Tanya" failures="0" tests="1" name="Funcinality.Tc_car_004_Test" time="3.740" errors="0" timestamp="2024-02-13T16:08:02 IST" skipped="0">
  <testcase classname="Funcinality.Tc_car_004_Test" name="audi" time="3.740"/>
</testsuite> <!-- Funcinality.Tc_car_004_Test -->
