<?xml version="1.0" encoding="UTF-8"?>
<!-- Generated by org.testng.reporters.JUnitReportReporter -->
<testsuite hostname="Tanya" failures="0" tests="1" name="system.Tc_tourist_001_Test" time="2.809" errors="0" timestamp="2024-02-13T16:08:02 IST" skipped="0">
  <testcase classname="system.Tc_tourist_001_Test" name="redbus" time="2.809"/>
</testsuite> <!-- system.Tc_tourist_001_Test -->
