<?xml version="1.0" encoding="UTF-8"?>
<!-- Generated by org.testng.reporters.JUnitReportReporter -->
<testsuite hostname="Tanya" failures="0" tests="1" name="integration.Tc_Beauty_004_Test" time="14.190" errors="0" timestamp="2024-02-13T16:08:02 IST" skipped="0">
  <testcase classname="integration.Tc_Beauty_004_Test" name="sugar" time="14.190"/>
</testsuite> <!-- integration.Tc_Beauty_004_Test -->
